INFO: 2024/12/03 17:37:45 connection.go:21: Connected to the server
INFO: 2024/12/03 17:37:45 migration.go:15: Migrated tables successfully...
INFO: 2024/12/03 17:43:42 connection.go:21: Connected to the server
INFO: 2024/12/03 17:43:42 migration.go:15: Migrated tables successfully...
INFO: 2024/12/03 17:54:30 connection.go:21: Connected to the server
INFO: 2024/12/03 17:54:30 migration.go:15: Migrated tables successfully...
INFO: 2024/12/03 18:23:07 connection.go:21: Connected to the server
INFO: 2024/12/03 18:23:08 migration.go:15: Migrated tables successfully...
WARNING: 2024/12/03 18:23:14 requireauth.go:22: http: named cookie not present
INFO: 2024/12/03 18:25:14 connection.go:21: Connected to the server
INFO: 2024/12/03 18:25:14 migration.go:15: Migrated tables successfully...
WARNING: 2024/12/03 18:25:21 user.go:89: no records found
INFO: 2024/12/03 18:26:05 connection.go:21: Connected to the server
INFO: 2024/12/03 18:26:05 migration.go:15: Migrated tables successfully...
INFO: 2024/12/03 19:04:35 connection.go:21: Connected to the server
INFO: 2024/12/03 19:04:35 migration.go:15: Migrated tables successfully...
WARNING: 2024/12/03 19:04:40 requireauth.go:22: http: named cookie not present
WARNING: 2024/12/03 19:04:47 user.go:221: record not found
WARNING: 2024/12/03 19:04:47 admin.go:187: record not found
INFO: 2024/12/03 19:10:08 connection.go:21: Connected to the server
INFO: 2024/12/03 19:10:08 migration.go:15: Migrated tables successfully...
WARNING: 2024/12/03 19:10:17 auth.go:38: record not found
WARNING: 2024/12/03 19:10:17 auth.go:73: record not found
INFO: 2024/12/03 19:10:47 connection.go:21: Connected to the server
INFO: 2024/12/03 19:10:47 migration.go:15: Migrated tables successfully...
WARNING: 2024/12/03 19:10:53 auth.go:38: user not found
WARNING: 2024/12/03 19:10:53 auth.go:73: user not found
